Determining if the pthread_create exist failed with the following output:
Change Dir: /home/dev/git/deeppoint/build/CMakeFiles/CMakeTmp

Run Build Command:"/usr/bin/make" "cmTC_2b371/fast"
/usr/bin/make -f CMakeFiles/cmTC_2b371.dir/build.make CMakeFiles/cmTC_2b371.dir/build
make[1]: Entering directory '/home/dev/git/deeppoint/build/CMakeFiles/CMakeTmp'
Building C object CMakeFiles/cmTC_2b371.dir/CheckSymbolExists.c.o
/usr/bin/cc     -o CMakeFiles/cmTC_2b371.dir/CheckSymbolExists.c.o   -c /home/dev/git/deeppoint/build/CMakeFiles/CMakeTmp/CheckSymbolExists.c
Linking C executable cmTC_2b371
/usr/bin/cmake -E cmake_link_script CMakeFiles/cmTC_2b371.dir/link.txt --verbose=1
/usr/bin/cc       CMakeFiles/cmTC_2b371.dir/CheckSymbolExists.c.o  -o cmTC_2b371 -rdynamic 
CMakeFiles/cmTC_2b371.dir/CheckSymbolExists.c.o: In function `main':
CheckSymbolExists.c:(.text+0x1b): undefined reference to `pthread_create'
collect2: error: ld returned 1 exit status
CMakeFiles/cmTC_2b371.dir/build.make:97: recipe for target 'cmTC_2b371' failed
make[1]: *** [cmTC_2b371] Error 1
make[1]: Leaving directory '/home/dev/git/deeppoint/build/CMakeFiles/CMakeTmp'
Makefile:126: recipe for target 'cmTC_2b371/fast' failed
make: *** [cmTC_2b371/fast] Error 2

File /home/dev/git/deeppoint/build/CMakeFiles/CMakeTmp/CheckSymbolExists.c:
/* */
#include <pthread.h>

int main(int argc, char** argv)
{
  (void)argv;
#ifndef pthread_create
  return ((int*)(&pthread_create))[argc];
#else
  (void)argc;
  return 0;
#endif
}

Determining if the function pthread_create exists in the pthreads failed with the following output:
Change Dir: /home/dev/git/deeppoint/build/CMakeFiles/CMakeTmp

Run Build Command:"/usr/bin/make" "cmTC_1e337/fast"
/usr/bin/make -f CMakeFiles/cmTC_1e337.dir/build.make CMakeFiles/cmTC_1e337.dir/build
make[1]: Entering directory '/home/dev/git/deeppoint/build/CMakeFiles/CMakeTmp'
Building C object CMakeFiles/cmTC_1e337.dir/CheckFunctionExists.c.o
/usr/bin/cc    -DCHECK_FUNCTION_EXISTS=pthread_create   -o CMakeFiles/cmTC_1e337.dir/CheckFunctionExists.c.o   -c /usr/share/cmake-3.5/Modules/CheckFunctionExists.c
Linking C executable cmTC_1e337
/usr/bin/cmake -E cmake_link_script CMakeFiles/cmTC_1e337.dir/link.txt --verbose=1
/usr/bin/cc   -DCHECK_FUNCTION_EXISTS=pthread_create    CMakeFiles/cmTC_1e337.dir/CheckFunctionExists.c.o  -o cmTC_1e337 -rdynamic -lpthreads 
/usr/bin/ld: cannot find -lpthreads
collect2: error: ld returned 1 exit status
CMakeFiles/cmTC_1e337.dir/build.make:97: recipe for target 'cmTC_1e337' failed
make[1]: *** [cmTC_1e337] Error 1
make[1]: Leaving directory '/home/dev/git/deeppoint/build/CMakeFiles/CMakeTmp'
Makefile:126: recipe for target 'cmTC_1e337/fast' failed
make: *** [cmTC_1e337/fast] Error 2


